2025-09-21 22:25:12 - Skipped image4.jpg - already exists at C:\Users\sheil\gig_delivery\Images
2025-09-21 22:25:12 - Moved image5.jpg to C:\Users\sheil\gig_delivery\Images
2025-09-21 22:25:12 - Skipped sample4.pdf - already exists at C:\Users\sheil\gig_delivery\PDFs
2025-09-21 22:25:12 - Moved sample5.pdf to C:\Users\sheil\gig_delivery\PDFs
2025-09-21 22:25:12 - Skipped test4.txt - already exists at C:\Users\sheil\gig_delivery\Docs
2025-09-21 22:25:13 - Moved test5.txt to C:\Users\sheil\gig_delivery\Docs
2025-09-21 22:25:13 - File organization complete.
2025-09-21 21:22:49 - Created folder: C:\Users\sheil\gig_delivery\Images
2025-09-21 21:22:49 - Created folder: C:\Users\sheil\gig_delivery\PDFs
2025-09-21 21:22:49 - Created folder: C:\Users\sheil\gig_delivery\Docs
2025-09-21 21:22:49 - Created folder: C:\Users\sheil\gig_delivery\Code
2025-09-21 21:22:49 - Moved cleanup.ps1 to C:\Users\sheil\gig_delivery\Code
2025-09-21 21:22:49 - Moved coding_log.txt to C:\Users\sheil\gig_delivery\Docs
2025-09-21 21:22:49 - Moved sorted_files.txt to C:\Users\sheil\gig_delivery\Docs
2025-09-21 21:22:49 - Moved target_gigs.txt to C:\Users\sheil\gig_delivery\Docs
2025-09-21 21:22:53 - File organization complete.
2025-09-21 21:27:02 - File organization complete.
2025-09-21 21:30:49 - File organization complete.
2025-09-21 21:40:31 - Moved FileOrganizer.ps1 to C:\Users\sheil\gig_delivery\Code
2025-09-21 21:40:31 - File organization complete.
2025-09-21 21:57:11 - Moved analyze_log.py to C:\Users\sheil\gig_delivery\Code
2025-09-21 21:57:11 - Moved image.jpg to C:\Users\sheil\gig_delivery\Images
2025-09-21 21:57:11 - Moved sample.pdf to C:\Users\sheil\gig_delivery\PDFs
2025-09-21 21:57:11 - Moved test.txt to C:\Users\sheil\gig_delivery\Docs
2025-09-21 21:57:11 - File organization complete.
2025-09-21 22:00:56 - Moved analyze_log.py to C:\Users\sheil\gig_delivery\Code
2025-09-21 22:00:56 - File organization complete.
2025-09-21 22:32:13 - Skipped image4.jpg - already exists at C:\Users\sheil\gig_delivery\Images
2025-09-21 22:32:13 - Moved image6.jpg to C:\Users\sheil\gig_delivery\Images
2025-09-21 22:32:13 - Skipped sample4.pdf - already exists at C:\Users\sheil\gig_delivery\PDFs
2025-09-21 22:32:13 - Moved sample6.pdf to C:\Users\sheil\gig_delivery\PDFs
2025-09-21 22:32:13 - Skipped test4.txt - already exists at C:\Users\sheil\gig_delivery\Docs
2025-09-21 22:32:13 - Moved test6.txt to C:\Users\sheil\gig_delivery\Docs
2025-09-21 22:32:14 - File organization complete.
2025-09-21 22:36:42 - Skipped image4.jpg - already exists at C:\Users\sheil\gig_delivery\Images
2025-09-21 22:36:42 - Moved image7.jpg to C:\Users\sheil\gig_delivery\Images
2025-09-21 22:36:42 - Skipped sample4.pdf - already exists at C:\Users\sheil\gig_delivery\PDFs
2025-09-21 22:36:42 - Moved sample7.pdf to C:\Users\sheil\gig_delivery\PDFs
2025-09-21 22:36:42 - Skipped test4.txt - already exists at C:\Users\sheil\gig_delivery\Docs
2025-09-21 22:36:42 - Moved test7.txt to C:\Users\sheil\gig_delivery\Docs
2025-09-21 22:36:42 - File organization complete.
2025-09-21 22:46:43 - Skipped coding_log.txt - already exists at C:\Users\sheil\gig_delivery\Docs
2025-09-21 22:46:43 - Skipped image4.jpg - already exists at C:\Users\sheil\gig_delivery\Images
2025-09-21 22:46:43 - Skipped image7.jpg - already exists at C:\Users\sheil\gig_delivery\Images
2025-09-21 22:46:43 - Moved README.txt to C:\Users\sheil\gig_delivery\Docs
2025-09-21 22:46:43 - Skipped sample4.pdf - already exists at C:\Users\sheil\gig_delivery\PDFs
2025-09-21 22:46:43 - Skipped sample7.pdf - already exists at C:\Users\sheil\gig_delivery\PDFs
2025-09-21 22:46:43 - Skipped test4.txt - already exists at C:\Users\sheil\gig_delivery\Docs
2025-09-21 22:46:43 - Skipped test7.txt - already exists at C:\Users\sheil\gig_delivery\Docs
2025-09-21 22:46:43 - File organization complete.
2025-09-22 23:14:01 - Skipped coding_log.txt - already exists at C:\Users\sheil\gig_delivery\Docs
2025-09-22 23:14:01 - Skipped image4.jpg - already exists at C:\Users\sheil\gig_delivery\Images
2025-09-22 23:14:01 - Skipped image7.jpg - already exists at C:\Users\sheil\gig_delivery\Images
2025-09-22 23:14:02 - Moved image8.jpg to C:\Users\sheil\gig_delivery\Images
2025-09-22 23:14:02 - Skipped sample4.pdf - already exists at C:\Users\sheil\gig_delivery\PDFs
2025-09-22 23:14:02 - Skipped sample7.pdf - already exists at C:\Users\sheil\gig_delivery\PDFs
2025-09-22 23:14:02 - Moved sample8.pdf to C:\Users\sheil\gig_delivery\PDFs
2025-09-22 23:14:02 - Skipped test4.txt - already exists at C:\Users\sheil\gig_delivery\Docs
2025-09-22 23:14:02 - Skipped test7.txt - already exists at C:\Users\sheil\gig_delivery\Docs
2025-09-22 23:14:02 - Moved test8.txt to C:\Users\sheil\gig_delivery\Docs
2025-09-22 23:14:03 - Created zip: C:\Users\sheil\gig_delivery\organized_files_20250922_231402.zip
2025-09-22 23:14:03 - File organization complete.
2025-09-22 23:35:09 - Skipped coding_log.txt - already exists at C:\Users\sheil\gig_delivery\Docs
2025-09-22 23:35:09 - Moved gigs.txt to C:\Users\sheil\gig_delivery\Docs
2025-09-22 23:35:09 - Skipped image4.jpg - already exists at C:\Users\sheil\gig_delivery\Images
2025-09-22 23:35:09 - Skipped image7.jpg - already exists at C:\Users\sheil\gig_delivery\Images
2025-09-22 23:35:09 - Skipped image8.jpg - already exists at C:\Users\sheil\gig_delivery\Images
2025-09-22 23:35:09 - Moved image9.jpg to C:\Users\sheil\gig_delivery\Images
2025-09-22 23:35:09 - Moved quantum_circuit.py to C:\Users\sheil\gig_delivery\Code
2025-09-22 23:35:09 - Skipped sample4.pdf - already exists at C:\Users\sheil\gig_delivery\PDFs
2025-09-22 23:35:09 - Skipped sample7.pdf - already exists at C:\Users\sheil\gig_delivery\PDFs
2025-09-22 23:35:09 - Skipped sample8.pdf - already exists at C:\Users\sheil\gig_delivery\PDFs
2025-09-22 23:35:09 - Moved sample9.pdf to C:\Users\sheil\gig_delivery\PDFs
2025-09-22 23:35:09 - Moved scrape_gigs.py to C:\Users\sheil\gig_delivery\Code
2025-09-22 23:35:09 - Skipped test4.txt - already exists at C:\Users\sheil\gig_delivery\Docs
2025-09-22 23:35:09 - Skipped test7.txt - already exists at C:\Users\sheil\gig_delivery\Docs
2025-09-22 23:35:09 - Skipped test8.txt - already exists at C:\Users\sheil\gig_delivery\Docs
2025-09-22 23:35:09 - Moved test9.txt to C:\Users\sheil\gig_delivery\Docs
2025-09-22 23:35:10 - Created zip: C:\Users\sheil\gig_delivery\organized_files_20250922_233509.zip
2025-09-22 23:35:10 - File organization complete.
2025-09-22 23:39:47 - Skipped coding_log.txt - already exists at C:\Users\sheil\gig_delivery\Docs
2025-09-22 23:39:47 - Skipped image4.jpg - already exists at C:\Users\sheil\gig_delivery\Images
2025-09-22 23:39:47 - Skipped image7.jpg - already exists at C:\Users\sheil\gig_delivery\Images
2025-09-22 23:39:47 - Skipped image8.jpg - already exists at C:\Users\sheil\gig_delivery\Images
2025-09-22 23:39:47 - Skipped image9.jpg - already exists at C:\Users\sheil\gig_delivery\Images
2025-09-22 23:39:47 - Skipped sample4.pdf - already exists at C:\Users\sheil\gig_delivery\PDFs
2025-09-22 23:39:47 - Skipped sample7.pdf - already exists at C:\Users\sheil\gig_delivery\PDFs
2025-09-22 23:39:47 - Skipped sample8.pdf - already exists at C:\Users\sheil\gig_delivery\PDFs
2025-09-22 23:39:47 - Skipped sample9.pdf - already exists at C:\Users\sheil\gig_delivery\PDFs
2025-09-22 23:39:47 - Skipped scrape_gigs.py - already exists at C:\Users\sheil\gig_delivery\Code
2025-09-22 23:39:47 - Skipped test4.txt - already exists at C:\Users\sheil\gig_delivery\Docs
2025-09-22 23:39:47 - Skipped test7.txt - already exists at C:\Users\sheil\gig_delivery\Docs
2025-09-22 23:39:47 - Skipped test8.txt - already exists at C:\Users\sheil\gig_delivery\Docs
2025-09-22 23:39:47 - Skipped test9.txt - already exists at C:\Users\sheil\gig_delivery\Docs
2025-09-22 23:39:51 - Created zip: C:\Users\sheil\gig_delivery\organized_files_20250922_233947.zip
2025-09-22 23:39:51 - File organization complete.
2025-09-23 00:12:48 - Skipped coding_log.txt - already exists at C:\Users\sheil\gig_delivery\Docs
2025-09-23 00:12:48 - Skipped gigs.txt - already exists at C:\Users\sheil\gig_delivery\Docs
2025-09-23 00:12:48 - Moved image10.jpg to C:\Users\sheil\gig_delivery\Images
2025-09-23 00:12:48 - Skipped image4.jpg - already exists at C:\Users\sheil\gig_delivery\Images
2025-09-23 00:12:48 - Skipped image7.jpg - already exists at C:\Users\sheil\gig_delivery\Images
2025-09-23 00:12:48 - Skipped image8.jpg - already exists at C:\Users\sheil\gig_delivery\Images
2025-09-23 00:12:48 - Skipped image9.jpg - already exists at C:\Users\sheil\gig_delivery\Images
2025-09-23 00:12:48 - Skipped quantum_circuit.py - already exists at C:\Users\sheil\gig_delivery\Code
2025-09-23 00:12:48 - Moved sample10.pdf to C:\Users\sheil\gig_delivery\PDFs
2025-09-23 00:12:48 - Skipped sample4.pdf - already exists at C:\Users\sheil\gig_delivery\PDFs
2025-09-23 00:12:48 - Skipped sample7.pdf - already exists at C:\Users\sheil\gig_delivery\PDFs
2025-09-23 00:12:48 - Skipped sample8.pdf - already exists at C:\Users\sheil\gig_delivery\PDFs
2025-09-23 00:12:48 - Skipped sample9.pdf - already exists at C:\Users\sheil\gig_delivery\PDFs
2025-09-23 00:12:48 - Skipped scrape_gigs.py - already exists at C:\Users\sheil\gig_delivery\Code
2025-09-23 00:12:48 - Moved test10.txt to C:\Users\sheil\gig_delivery\Docs
2025-09-23 00:12:48 - Skipped test4.txt - already exists at C:\Users\sheil\gig_delivery\Docs
2025-09-23 00:12:48 - Skipped test7.txt - already exists at C:\Users\sheil\gig_delivery\Docs
2025-09-23 00:12:48 - Skipped test8.txt - already exists at C:\Users\sheil\gig_delivery\Docs
2025-09-23 00:12:48 - Skipped test9.txt - already exists at C:\Users\sheil\gig_delivery\Docs
2025-09-23 00:12:51 - Created zip: C:\Users\sheil\gig_delivery\organized_files_20250923_001248.zip
2025-09-23 00:12:51 - File organization complete.
2025-09-23 00:22:38 - Skipped coding_log.txt - already exists at C:\Users\sheil\gig_delivery\Docs
2025-09-23 00:22:38 - Skipped gigs.txt - already exists at C:\Users\sheil\gig_delivery\Docs
2025-09-23 00:22:38 - Skipped image4.jpg - already exists at C:\Users\sheil\gig_delivery\Images
2025-09-23 00:22:38 - Skipped image7.jpg - already exists at C:\Users\sheil\gig_delivery\Images
2025-09-23 00:22:38 - Skipped image8.jpg - already exists at C:\Users\sheil\gig_delivery\Images
2025-09-23 00:22:38 - Skipped image9.jpg - already exists at C:\Users\sheil\gig_delivery\Images
2025-09-23 00:22:38 - Skipped quantum_circuit.py - already exists at C:\Users\sheil\gig_delivery\Code
2025-09-23 00:22:38 - Skipped sample4.pdf - already exists at C:\Users\sheil\gig_delivery\PDFs
2025-09-23 00:22:38 - Skipped sample7.pdf - already exists at C:\Users\sheil\gig_delivery\PDFs
2025-09-23 00:22:38 - Skipped sample8.pdf - already exists at C:\Users\sheil\gig_delivery\PDFs
2025-09-23 00:22:38 - Skipped sample9.pdf - already exists at C:\Users\sheil\gig_delivery\PDFs
2025-09-23 00:22:38 - Skipped scrape_gigs.py - already exists at C:\Users\sheil\gig_delivery\Code
2025-09-23 00:22:38 - Skipped test4.txt - already exists at C:\Users\sheil\gig_delivery\Docs
2025-09-23 00:22:38 - Skipped test7.txt - already exists at C:\Users\sheil\gig_delivery\Docs
2025-09-23 00:22:38 - Skipped test8.txt - already exists at C:\Users\sheil\gig_delivery\Docs
2025-09-23 00:22:38 - Skipped test9.txt - already exists at C:\Users\sheil\gig_delivery\Docs
2025-09-23 00:22:39 - Created zip: C:\Users\sheil\gig_delivery\organized_files_20250923_002238.zip
2025-09-23 00:22:39 - File organization complete.
2025-09-23 00:30:54 - Skipped coding_log.txt - already exists at C:\Users\sheil\gig_delivery\Docs
2025-09-23 00:30:54 - Skipped gigs.txt - already exists at C:\Users\sheil\gig_delivery\Docs
2025-09-23 00:30:54 - Moved image11.jpg to C:\Users\sheil\gig_delivery\Images
2025-09-23 00:30:54 - Skipped image4.jpg - already exists at C:\Users\sheil\gig_delivery\Images
2025-09-23 00:30:54 - Skipped image7.jpg - already exists at C:\Users\sheil\gig_delivery\Images
2025-09-23 00:30:54 - Skipped image8.jpg - already exists at C:\Users\sheil\gig_delivery\Images
2025-09-23 00:30:54 - Skipped image9.jpg - already exists at C:\Users\sheil\gig_delivery\Images
2025-09-23 00:30:54 - Skipped quantum_circuit.py - already exists at C:\Users\sheil\gig_delivery\Code
2025-09-23 00:30:54 - Skipped README.txt - already exists at C:\Users\sheil\gig_delivery\Docs
2025-09-23 00:30:54 - Moved sample11.pdf to C:\Users\sheil\gig_delivery\PDFs
2025-09-23 00:30:54 - Skipped sample4.pdf - already exists at C:\Users\sheil\gig_delivery\PDFs
2025-09-23 00:30:54 - Skipped sample7.pdf - already exists at C:\Users\sheil\gig_delivery\PDFs
2025-09-23 00:30:54 - Skipped sample8.pdf - already exists at C:\Users\sheil\gig_delivery\PDFs
2025-09-23 00:30:54 - Skipped sample9.pdf - already exists at C:\Users\sheil\gig_delivery\PDFs
2025-09-23 00:30:54 - Skipped scrape_gigs.py - already exists at C:\Users\sheil\gig_delivery\Code
2025-09-23 00:30:54 - Moved test11.txt to C:\Users\sheil\gig_delivery\Docs
2025-09-23 00:30:54 - Skipped test4.txt - already exists at C:\Users\sheil\gig_delivery\Docs
2025-09-23 00:30:54 - Skipped test7.txt - already exists at C:\Users\sheil\gig_delivery\Docs
2025-09-23 00:30:54 - Skipped test8.txt - already exists at C:\Users\sheil\gig_delivery\Docs
2025-09-23 00:30:54 - Skipped test9.txt - already exists at C:\Users\sheil\gig_delivery\Docs
2025-09-23 00:30:55 - Created zip: C:\Users\sheil\gig_delivery\organized_files_20250923_003054.zip
2025-09-23 00:30:55 - File organization complete.
2025-09-23 00:36:45 - Skipped coding_log.txt - already exists at C:\Users\sheil\gig_delivery\Docs
2025-09-23 00:36:45 - Skipped gigs.txt - already exists at C:\Users\sheil\gig_delivery\Docs
2025-09-23 00:36:45 - Skipped image11.jpg - already exists at C:\Users\sheil\gig_delivery\Images
2025-09-23 00:36:45 - Skipped image4.jpg - already exists at C:\Users\sheil\gig_delivery\Images
2025-09-23 00:36:45 - Skipped image7.jpg - already exists at C:\Users\sheil\gig_delivery\Images
2025-09-23 00:36:45 - Skipped image8.jpg - already exists at C:\Users\sheil\gig_delivery\Images
2025-09-23 00:36:45 - Skipped image9.jpg - already exists at C:\Users\sheil\gig_delivery\Images
2025-09-23 00:36:45 - Skipped quantum_circuit.py - already exists at C:\Users\sheil\gig_delivery\Code
2025-09-23 00:36:45 - Skipped README.txt - already exists at C:\Users\sheil\gig_delivery\Docs
2025-09-23 00:36:45 - Skipped sample11.pdf - already exists at C:\Users\sheil\gig_delivery\PDFs
2025-09-23 00:36:45 - Skipped sample4.pdf - already exists at C:\Users\sheil\gig_delivery\PDFs
2025-09-23 00:36:45 - Skipped sample7.pdf - already exists at C:\Users\sheil\gig_delivery\PDFs
2025-09-23 00:36:45 - Skipped sample8.pdf - already exists at C:\Users\sheil\gig_delivery\PDFs
2025-09-23 00:36:45 - Skipped sample9.pdf - already exists at C:\Users\sheil\gig_delivery\PDFs
2025-09-23 00:36:45 - Skipped scrape_gigs.py - already exists at C:\Users\sheil\gig_delivery\Code
2025-09-23 00:36:45 - Skipped test11.txt - already exists at C:\Users\sheil\gig_delivery\Docs
2025-09-23 00:36:45 - Skipped test4.txt - already exists at C:\Users\sheil\gig_delivery\Docs
2025-09-23 00:36:45 - Skipped test7.txt - already exists at C:\Users\sheil\gig_delivery\Docs
2025-09-23 00:36:45 - Skipped test8.txt - already exists at C:\Users\sheil\gig_delivery\Docs
2025-09-23 00:36:45 - Skipped test9.txt - already exists at C:\Users\sheil\gig_delivery\Docs
2025-09-23 00:36:45 - Created zip: C:\Users\sheil\gig_delivery\organized_files_20250923_003645.zip
2025-09-23 00:36:45 - File organization complete.
2025-09-23 13:15:19 - Skipped coding_log.txt - already exists at C:\Users\sheil\gig_delivery\Docs
2025-09-23 13:15:19 - Skipped gigs.txt - already exists at C:\Users\sheil\gig_delivery\Docs
2025-09-23 13:15:19 - Skipped image11.jpg - already exists at C:\Users\sheil\gig_delivery\Images
2025-09-23 13:15:19 - Moved image13.jpg to C:\Users\sheil\gig_delivery\Images
2025-09-23 13:15:19 - Skipped image4.jpg - already exists at C:\Users\sheil\gig_delivery\Images
2025-09-23 13:15:19 - Skipped image7.jpg - already exists at C:\Users\sheil\gig_delivery\Images
2025-09-23 13:15:19 - Skipped image8.jpg - already exists at C:\Users\sheil\gig_delivery\Images
2025-09-23 13:15:19 - Skipped image9.jpg - already exists at C:\Users\sheil\gig_delivery\Images
2025-09-23 13:15:19 - Skipped quantum_circuit.py - already exists at C:\Users\sheil\gig_delivery\Code
2025-09-23 13:15:19 - Skipped README.txt - already exists at C:\Users\sheil\gig_delivery\Docs
2025-09-23 13:15:19 - Skipped sample11.pdf - already exists at C:\Users\sheil\gig_delivery\PDFs
2025-09-23 13:15:19 - Moved sample13.pdf to C:\Users\sheil\gig_delivery\PDFs
2025-09-23 13:15:19 - Skipped sample4.pdf - already exists at C:\Users\sheil\gig_delivery\PDFs
2025-09-23 13:15:19 - Skipped sample7.pdf - already exists at C:\Users\sheil\gig_delivery\PDFs
2025-09-23 13:15:19 - Skipped sample8.pdf - already exists at C:\Users\sheil\gig_delivery\PDFs
2025-09-23 13:15:19 - Skipped sample9.pdf - already exists at C:\Users\sheil\gig_delivery\PDFs
2025-09-23 13:15:19 - Skipped scrape_gigs.py - already exists at C:\Users\sheil\gig_delivery\Code
2025-09-23 13:15:19 - Skipped test11.txt - already exists at C:\Users\sheil\gig_delivery\Docs
2025-09-23 13:15:19 - Moved test13.txt to C:\Users\sheil\gig_delivery\Docs
2025-09-23 13:15:19 - Skipped test4.txt - already exists at C:\Users\sheil\gig_delivery\Docs
2025-09-23 13:15:19 - Skipped test7.txt - already exists at C:\Users\sheil\gig_delivery\Docs
2025-09-23 13:15:19 - Skipped test8.txt - already exists at C:\Users\sheil\gig_delivery\Docs
2025-09-23 13:15:19 - Skipped test9.txt - already exists at C:\Users\sheil\gig_delivery\Docs
2025-09-23 13:15:23 - Created zip: C:\Users\sheil\gig_delivery\organized_files_20250923_131519.zip
2025-09-23 13:15:23 - File organization complete.
2025-09-23 13:23:20 - Skipped coding_log.txt - already exists at C:\Users\sheil\gig_delivery\Docs
2025-09-23 13:23:20 - Skipped gigs.txt - already exists at C:\Users\sheil\gig_delivery\Docs
2025-09-23 13:23:20 - Skipped image11.jpg - already exists at C:\Users\sheil\gig_delivery\Images
2025-09-23 13:23:20 - Skipped image4.jpg - already exists at C:\Users\sheil\gig_delivery\Images
2025-09-23 13:23:20 - Skipped image7.jpg - already exists at C:\Users\sheil\gig_delivery\Images
2025-09-23 13:23:20 - Skipped image8.jpg - already exists at C:\Users\sheil\gig_delivery\Images
2025-09-23 13:23:20 - Skipped image9.jpg - already exists at C:\Users\sheil\gig_delivery\Images
2025-09-23 13:23:20 - Skipped quantum_circuit.py - already exists at C:\Users\sheil\gig_delivery\Code
2025-09-23 13:23:20 - Skipped README.txt - already exists at C:\Users\sheil\gig_delivery\Docs
2025-09-23 13:23:20 - Skipped sample11.pdf - already exists at C:\Users\sheil\gig_delivery\PDFs
2025-09-23 13:23:20 - Skipped sample4.pdf - already exists at C:\Users\sheil\gig_delivery\PDFs
2025-09-23 13:23:20 - Skipped sample7.pdf - already exists at C:\Users\sheil\gig_delivery\PDFs
2025-09-23 13:23:20 - Skipped sample8.pdf - already exists at C:\Users\sheil\gig_delivery\PDFs
2025-09-23 13:23:20 - Skipped sample9.pdf - already exists at C:\Users\sheil\gig_delivery\PDFs
2025-09-23 13:23:20 - Skipped scrape_gigs.py - already exists at C:\Users\sheil\gig_delivery\Code
2025-09-23 13:23:20 - Skipped test11.txt - already exists at C:\Users\sheil\gig_delivery\Docs
2025-09-23 13:23:20 - Skipped test4.txt - already exists at C:\Users\sheil\gig_delivery\Docs
2025-09-23 13:23:20 - Skipped test7.txt - already exists at C:\Users\sheil\gig_delivery\Docs
2025-09-23 13:23:20 - Skipped test8.txt - already exists at C:\Users\sheil\gig_delivery\Docs
2025-09-23 13:23:20 - Skipped test9.txt - already exists at C:\Users\sheil\gig_delivery\Docs
2025-09-23 13:23:21 - Created zip: C:\Users\sheil\gig_delivery\organized_files_20250923_132320.zip
2025-09-23 13:23:21 - File organization complete.
2025-09-23 13:28:18 - Skipped coding_log.txt - already exists at C:\Users\sheil\gig_delivery\Docs
2025-09-23 13:28:18 - Skipped gigs.txt - already exists at C:\Users\sheil\gig_delivery\Docs
2025-09-23 13:28:18 - Skipped image11.jpg - already exists at C:\Users\sheil\gig_delivery\Images
2025-09-23 13:28:18 - Skipped image4.jpg - already exists at C:\Users\sheil\gig_delivery\Images
2025-09-23 13:28:18 - Skipped image7.jpg - already exists at C:\Users\sheil\gig_delivery\Images
2025-09-23 13:28:18 - Skipped image8.jpg - already exists at C:\Users\sheil\gig_delivery\Images
2025-09-23 13:28:18 - Skipped image9.jpg - already exists at C:\Users\sheil\gig_delivery\Images
2025-09-23 13:28:18 - Skipped quantum_circuit.py - already exists at C:\Users\sheil\gig_delivery\Code
2025-09-23 13:28:18 - Skipped README.txt - already exists at C:\Users\sheil\gig_delivery\Docs
2025-09-23 13:28:18 - Skipped sample11.pdf - already exists at C:\Users\sheil\gig_delivery\PDFs
2025-09-23 13:28:18 - Skipped sample4.pdf - already exists at C:\Users\sheil\gig_delivery\PDFs
2025-09-23 13:28:18 - Skipped sample7.pdf - already exists at C:\Users\sheil\gig_delivery\PDFs
2025-09-23 13:28:18 - Skipped sample8.pdf - already exists at C:\Users\sheil\gig_delivery\PDFs
2025-09-23 13:28:18 - Skipped sample9.pdf - already exists at C:\Users\sheil\gig_delivery\PDFs
2025-09-23 13:28:18 - Skipped scrape_gigs.py - already exists at C:\Users\sheil\gig_delivery\Code
2025-09-23 13:28:18 - Skipped test11.txt - already exists at C:\Users\sheil\gig_delivery\Docs
2025-09-23 13:28:18 - Skipped test4.txt - already exists at C:\Users\sheil\gig_delivery\Docs
2025-09-23 13:28:18 - Skipped test7.txt - already exists at C:\Users\sheil\gig_delivery\Docs
2025-09-23 13:28:18 - Skipped test8.txt - already exists at C:\Users\sheil\gig_delivery\Docs
2025-09-23 13:28:18 - Skipped test9.txt - already exists at C:\Users\sheil\gig_delivery\Docs
2025-09-23 13:28:19 - Created zip: C:\Users\sheil\gig_delivery\organized_files_20250923_132818.zip
2025-09-23 13:28:19 - File organization complete.
2025-09-23 13:35:51 - Skipped coding_log.txt - already exists at C:\Users\sheil\gig_delivery\Docs
2025-09-23 13:35:51 - Skipped gigs.txt - already exists at C:\Users\sheil\gig_delivery\Docs
2025-09-23 13:35:51 - Skipped image11.jpg - already exists at C:\Users\sheil\gig_delivery\Images
2025-09-23 13:35:51 - Moved image15.jpg to C:\Users\sheil\gig_delivery\Images
2025-09-23 13:35:51 - Skipped image4.jpg - already exists at C:\Users\sheil\gig_delivery\Images
2025-09-23 13:35:51 - Skipped image7.jpg - already exists at C:\Users\sheil\gig_delivery\Images
2025-09-23 13:35:51 - Skipped image8.jpg - already exists at C:\Users\sheil\gig_delivery\Images
2025-09-23 13:35:51 - Skipped image9.jpg - already exists at C:\Users\sheil\gig_delivery\Images
2025-09-23 13:35:51 - Skipped quantum_circuit.py - already exists at C:\Users\sheil\gig_delivery\Code
2025-09-23 13:35:51 - Skipped README.txt - already exists at C:\Users\sheil\gig_delivery\Docs
2025-09-23 13:35:51 - Skipped sample11.pdf - already exists at C:\Users\sheil\gig_delivery\PDFs
2025-09-23 13:35:51 - Moved sample15.pdf to C:\Users\sheil\gig_delivery\PDFs
2025-09-23 13:35:51 - Skipped sample4.pdf - already exists at C:\Users\sheil\gig_delivery\PDFs
2025-09-23 13:35:51 - Skipped sample7.pdf - already exists at C:\Users\sheil\gig_delivery\PDFs
2025-09-23 13:35:51 - Skipped sample8.pdf - already exists at C:\Users\sheil\gig_delivery\PDFs
2025-09-23 13:35:51 - Skipped sample9.pdf - already exists at C:\Users\sheil\gig_delivery\PDFs
2025-09-23 13:35:51 - Skipped scrape_gigs.py - already exists at C:\Users\sheil\gig_delivery\Code
2025-09-23 13:35:51 - Skipped test11.txt - already exists at C:\Users\sheil\gig_delivery\Docs
2025-09-23 13:35:51 - Moved test15.txt to C:\Users\sheil\gig_delivery\Docs
2025-09-23 13:35:51 - Skipped test4.txt - already exists at C:\Users\sheil\gig_delivery\Docs
2025-09-23 13:35:51 - Skipped test7.txt - already exists at C:\Users\sheil\gig_delivery\Docs
2025-09-23 13:35:51 - Skipped test8.txt - already exists at C:\Users\sheil\gig_delivery\Docs
2025-09-23 13:35:51 - Skipped test9.txt - already exists at C:\Users\sheil\gig_delivery\Docs
2025-09-23 13:35:52 - Created zip: C:\Users\sheil\gig_delivery\organized_files_20250923_133551.zip
2025-09-23 13:35:52 - File organization complete.
2025-09-23 13:40:56 - Skipped coding_log.txt - already exists at C:\Users\sheil\gig_delivery\Docs
2025-09-23 13:40:56 - Skipped gigs.txt - already exists at C:\Users\sheil\gig_delivery\Docs
2025-09-23 13:40:56 - Skipped image11.jpg - already exists at C:\Users\sheil\gig_delivery\Images
2025-09-23 13:40:56 - Skipped image15.jpg - already exists at C:\Users\sheil\gig_delivery\Images
2025-09-23 13:40:56 - Skipped image4.jpg - already exists at C:\Users\sheil\gig_delivery\Images
2025-09-23 13:40:56 - Skipped image7.jpg - already exists at C:\Users\sheil\gig_delivery\Images
2025-09-23 13:40:56 - Skipped image8.jpg - already exists at C:\Users\sheil\gig_delivery\Images
2025-09-23 13:40:56 - Skipped image9.jpg - already exists at C:\Users\sheil\gig_delivery\Images
2025-09-23 13:40:56 - Skipped quantum_circuit.py - already exists at C:\Users\sheil\gig_delivery\Code
2025-09-23 13:40:56 - Skipped README.txt - already exists at C:\Users\sheil\gig_delivery\Docs
2025-09-23 13:40:56 - Skipped sample11.pdf - already exists at C:\Users\sheil\gig_delivery\PDFs
2025-09-23 13:40:56 - Skipped sample15.pdf - already exists at C:\Users\sheil\gig_delivery\PDFs
2025-09-23 13:40:56 - Skipped sample4.pdf - already exists at C:\Users\sheil\gig_delivery\PDFs
2025-09-23 13:40:56 - Skipped sample7.pdf - already exists at C:\Users\sheil\gig_delivery\PDFs
2025-09-23 13:40:56 - Skipped sample8.pdf - already exists at C:\Users\sheil\gig_delivery\PDFs
2025-09-23 13:40:56 - Skipped sample9.pdf - already exists at C:\Users\sheil\gig_delivery\PDFs
2025-09-23 13:40:56 - Skipped scrape_gigs.py - already exists at C:\Users\sheil\gig_delivery\Code
2025-09-23 13:40:56 - Skipped test11.txt - already exists at C:\Users\sheil\gig_delivery\Docs
2025-09-23 13:40:56 - Skipped test15.txt - already exists at C:\Users\sheil\gig_delivery\Docs
2025-09-23 13:40:56 - Skipped test4.txt - already exists at C:\Users\sheil\gig_delivery\Docs
2025-09-23 13:40:56 - Skipped test7.txt - already exists at C:\Users\sheil\gig_delivery\Docs
2025-09-23 13:40:56 - Skipped test8.txt - already exists at C:\Users\sheil\gig_delivery\Docs
2025-09-23 13:40:56 - Skipped test9.txt - already exists at C:\Users\sheil\gig_delivery\Docs
2025-09-23 13:40:57 - Created zip: C:\Users\sheil\gig_delivery\organized_files_20250923_134056.zip
2025-09-23 13:40:57 - File organization complete.
2025-09-23 13:42:34 - Skipped coding_log.txt - already exists at C:\Users\sheil\gig_delivery\Docs
2025-09-23 13:42:34 - Skipped gigs.txt - already exists at C:\Users\sheil\gig_delivery\Docs
2025-09-23 13:42:34 - Skipped image11.jpg - already exists at C:\Users\sheil\gig_delivery\Images
2025-09-23 13:42:34 - Skipped image15.jpg - already exists at C:\Users\sheil\gig_delivery\Images
2025-09-23 13:42:34 - Skipped image4.jpg - already exists at C:\Users\sheil\gig_delivery\Images
2025-09-23 13:42:34 - Skipped image7.jpg - already exists at C:\Users\sheil\gig_delivery\Images
2025-09-23 13:42:34 - Skipped image8.jpg - already exists at C:\Users\sheil\gig_delivery\Images
2025-09-23 13:42:34 - Skipped image9.jpg - already exists at C:\Users\sheil\gig_delivery\Images
2025-09-23 13:42:34 - Skipped quantum_circuit.py - already exists at C:\Users\sheil\gig_delivery\Code
2025-09-23 13:42:34 - Skipped README.txt - already exists at C:\Users\sheil\gig_delivery\Docs
2025-09-23 13:42:34 - Skipped sample11.pdf - already exists at C:\Users\sheil\gig_delivery\PDFs
2025-09-23 13:42:34 - Skipped sample15.pdf - already exists at C:\Users\sheil\gig_delivery\PDFs
2025-09-23 13:42:34 - Skipped sample4.pdf - already exists at C:\Users\sheil\gig_delivery\PDFs
2025-09-23 13:42:34 - Skipped sample7.pdf - already exists at C:\Users\sheil\gig_delivery\PDFs
2025-09-23 13:42:34 - Skipped sample8.pdf - already exists at C:\Users\sheil\gig_delivery\PDFs
2025-09-23 13:42:34 - Skipped sample9.pdf - already exists at C:\Users\sheil\gig_delivery\PDFs
2025-09-23 13:42:34 - Skipped scrape_gigs.py - already exists at C:\Users\sheil\gig_delivery\Code
2025-09-23 13:42:34 - Skipped test11.txt - already exists at C:\Users\sheil\gig_delivery\Docs
2025-09-23 13:42:34 - Skipped test15.txt - already exists at C:\Users\sheil\gig_delivery\Docs
2025-09-23 13:42:34 - Skipped test4.txt - already exists at C:\Users\sheil\gig_delivery\Docs
2025-09-23 13:42:34 - Skipped test7.txt - already exists at C:\Users\sheil\gig_delivery\Docs
2025-09-23 13:42:34 - Skipped test8.txt - already exists at C:\Users\sheil\gig_delivery\Docs
2025-09-23 13:42:34 - Skipped test9.txt - already exists at C:\Users\sheil\gig_delivery\Docs
2025-09-23 13:42:35 - Created zip: C:\Users\sheil\gig_delivery\organized_files_20250923_134234.zip
2025-09-23 13:42:35 - File organization complete.
